<?xml version="1.0" encoding="UTF-8"?>
<!-- Generated by org.testng.reporters.JUnitXMLReporter -->
<testsuite hostname="DESKTOP-SAPMBF5" ignored="0" name="Surefire test" tests="19" failures="0" timestamp="20 jun 2017 22:44:01 GMT" time="13.46" errors="0">
  <testcase name="testApp on testApp(ApiRest2.AppTest)" time="0.038" classname="ApiRest2.AppTest"/>
  <testcase name="doFilterTest on doFilterTest(ApiRest2.AuthFilterTest)" time="10.55" classname="ApiRest2.AuthFilterTest"/>
  <testcase name="testGetInboxOk on testGetInboxOk(ApiRest2.Controller.MensajeControllerTest)" time="0.453" classname="ApiRest2.Controller.MensajeControllerTest"/>
  <testcase name="testGetOutboxNoContent on testGetOutboxNoContent(ApiRest2.Controller.MensajeControllerTest)" time="0.474" classname="ApiRest2.Controller.MensajeControllerTest"/>
  <testcase name="testGetTrashOk on testGetTrashOk(ApiRest2.Controller.MensajeControllerTest)" time="0.504" classname="ApiRest2.Controller.MensajeControllerTest"/>
  <testcase name="testEnviarMensajeOk on testEnviarMensajeOk(ApiRest2.Controller.MensajeControllerTest)" time="1.024" classname="ApiRest2.Controller.MensajeControllerTest"/>
  <testcase name="testBorrarMensajeOk on testBorrarMensajeOk(ApiRest2.Controller.MensajeControllerTest)" time="1.048" classname="ApiRest2.Controller.MensajeControllerTest"/>
  <testcase name="testGetOutboxOk on testGetOutboxOk(ApiRest2.Controller.MensajeControllerTest)" time="1.079" classname="ApiRest2.Controller.MensajeControllerTest"/>
  <testcase name="testGetInboxNoContent on testGetInboxNoContent(ApiRest2.Controller.MensajeControllerTest)" time="1.109" classname="ApiRest2.Controller.MensajeControllerTest"/>
  <testcase name="testAgregarUsuario on testAgregarUsuario(ApiRest2.Controller.UsuarioControllerTest)" time="0.403" classname="ApiRest2.Controller.UsuarioControllerTest"/>
  <testcase name="testListarUsuariosOk on testListarUsuariosOk(ApiRest2.Controller.UsuarioControllerTest)" time="0.439" classname="ApiRest2.Controller.UsuarioControllerTest"/>
  <testcase name="checkSessionTest on checkSessionTest(ApiRest2.Controller.UsuarioControllerTest)" time="0.462" classname="ApiRest2.Controller.UsuarioControllerTest"/>
  <testcase name="testListarUsuariosByNameNotFound on testListarUsuariosByNameNotFound(ApiRest2.Controller.UsuarioControllerTest)" time="0.495" classname="ApiRest2.Controller.UsuarioControllerTest"/>
  <testcase name="testListarUsuariosByNameOk on testListarUsuariosByNameOk(ApiRest2.Controller.UsuarioControllerTest)" time="0.518" classname="ApiRest2.Controller.UsuarioControllerTest"/>
  <testcase name="testListarUsuariosNoContent on testListarUsuariosNoContent(ApiRest2.Controller.UsuarioControllerTest)" time="0.556" classname="ApiRest2.Controller.UsuarioControllerTest"/>
  <testcase name="testLoginOk on testLoginOk(ApiRest2.Controller.UsuarioControllerTest)" time="0.622" classname="ApiRest2.Controller.UsuarioControllerTest"/>
  <testcase name="testDeleteUserOk on testDeleteUserOk(ApiRest2.Controller.UsuarioControllerTest)" time="0.643" classname="ApiRest2.Controller.UsuarioControllerTest"/>
  <testcase name="testLoginForbidden on testLoginForbidden(ApiRest2.Controller.UsuarioControllerTest)" time="0.664" classname="ApiRest2.Controller.UsuarioControllerTest"/>
  <testcase name="logoutOk on logoutOk(ApiRest2.Controller.UsuarioControllerTest)" time="0.678" classname="ApiRest2.Controller.UsuarioControllerTest"/>
</testsuite> <!-- Surefire test -->
