<?xml version="1.0" encoding="UTF-8"?>
<!-- Generated by org.testng.reporters.JUnitXMLReporter -->
<testsuite hostname="DESKTOP-SAPMBF5" ignored="0" name="Surefire test" tests="11" failures="1" timestamp="15 jun 2017 16:22:46 GMT" time="2.406" errors="0">
  <testcase name="testApp on testApp(ApiRest2.AppTest)" time="0.032" classname="ApiRest2.AppTest"/>
  <testcase name="testDeleteUserOk on testDeleteUserOk(ApiRest2.Controller.UsuarioControllerTest)" time="1.875" classname="ApiRest2.Controller.UsuarioControllerTest">
    <failure type="java.lang.IllegalStateException" message="Failed to load ApplicationContext">
      <![CDATA[java.lang.IllegalStateException: Failed to load ApplicationContext
	at org.springframework.test.context.cache.DefaultCacheAwareContextLoaderDelegate.loadContext(DefaultCacheAwareContextLoaderDelegate.java:124)
	at org.springframework.test.context.support.DefaultTestContext.getApplicationContext(DefaultTestContext.java:83)
	at org.springframework.boot.test.autoconfigure.AutoConfigureReportTestExecutionListener.prepareTestInstance(AutoConfigureReportTestExecutionListener.java:49)
	at org.springframework.test.context.TestContextManager.prepareTestInstance(TestContextManager.java:230)
	at org.springframework.test.context.junit4.SpringJUnit4ClassRunner.createTest(SpringJUnit4ClassRunner.java:228)
	at org.springframework.test.context.junit4.SpringJUnit4ClassRunner$1.runReflectiveCall(SpringJUnit4ClassRunner.java:287)
	at org.junit.internal.runners.model.ReflectiveCallable.run(ReflectiveCallable.java:12)
	at org.springframework.test.context.junit4.SpringJUnit4ClassRunner.methodBlock(SpringJUnit4ClassRunner.java:289)
	at org.springframework.test.context.junit4.SpringJUnit4ClassRunner.runChild(SpringJUnit4ClassRunner.java:247)
	at org.springframework.test.context.junit4.SpringJUnit4ClassRunner.runChild(SpringJUnit4ClassRunner.java:94)
	at org.junit.runners.ParentRunner$3.run(ParentRunner.java:290)
	at org.junit.runners.ParentRunner$1.schedule(ParentRunner.java:71)
	at org.junit.runners.ParentRunner.runChildren(ParentRunner.java:288)
	at org.junit.runners.ParentRunner.access$000(ParentRunner.java:58)
	at org.junit.runners.ParentRunner$2.evaluate(ParentRunner.java:268)
	at org.springframework.test.context.junit4.statements.RunBeforeTestClassCallbacks.evaluate(RunBeforeTestClassCallbacks.java:61)
	at org.springframework.test.context.junit4.statements.RunAfterTestClassCallbacks.evaluate(RunAfterTestClassCallbacks.java:70)
	at org.junit.runners.ParentRunner.run(ParentRunner.java:363)
	at org.springframework.test.context.junit4.SpringJUnit4ClassRunner.run(SpringJUnit4ClassRunner.java:191)
	at org.junit.runner.JUnitCore.run(JUnitCore.java:137)
	at org.junit.runner.JUnitCore.run(JUnitCore.java:115)
Caused by: org.springframework.context.ApplicationContextException: Unable to start embedded container; nested exception is org.springframework.context.ApplicationContextException: Unable to start EmbeddedWebApplicationContext due to missing EmbeddedServletContainerFactory bean.
	at org.springframework.boot.context.embedded.EmbeddedWebApplicationContext.onRefresh(EmbeddedWebApplicationContext.java:137)
	at org.springframework.context.support.AbstractApplicationContext.refresh(AbstractApplicationContext.java:535)
	at org.springframework.boot.context.embedded.EmbeddedWebApplicationContext.refresh(EmbeddedWebApplicationContext.java:122)
	at org.springframework.boot.SpringApplication.refresh(SpringApplication.java:759)
	at org.springframework.boot.SpringApplication.refreshContext(SpringApplication.java:369)
	at org.springframework.boot.SpringApplication.run(SpringApplication.java:313)
	at org.springframework.boot.test.SpringApplicationContextLoader.loadContext(SpringApplicationContextLoader.java:103)
	at org.springframework.test.context.cache.DefaultCacheAwareContextLoaderDelegate.loadContextInternal(DefaultCacheAwareContextLoaderDelegate.java:98)
	at org.springframework.test.context.cache.DefaultCacheAwareContextLoaderDelegate.loadContext(DefaultCacheAwareContextLoaderDelegate.java:116)
	... 43 more
Caused by: org.springframework.context.ApplicationContextException: Unable to start EmbeddedWebApplicationContext due to missing EmbeddedServletContainerFactory bean.
	at org.springframework.boot.context.embedded.EmbeddedWebApplicationContext.getEmbeddedServletContainerFactory(EmbeddedWebApplicationContext.java:189)
	at org.springframework.boot.context.embedded.EmbeddedWebApplicationContext.createEmbeddedServletContainer(EmbeddedWebApplicationContext.java:162)
	at org.springframework.boot.context.embedded.EmbeddedWebApplicationContext.onRefresh(EmbeddedWebApplicationContext.java:134)
	... 51 more
... Removed 23 stack frames]]>
    </failure>
  </testcase> <!-- testDeleteUserOk on testDeleteUserOk(ApiRest2.Controller.UsuarioControllerTest) -->
  <testcase name="testEmail on testEmail(ApiRest2.Entities.UsuarioTest)" time="0.0" classname="ApiRest2.Entities.UsuarioTest"/>
  <testcase name="testPais on testPais(ApiRest2.Entities.UsuarioTest)" time="0.0" classname="ApiRest2.Entities.UsuarioTest"/>
  <testcase name="testTelefono on testTelefono(ApiRest2.Entities.UsuarioTest)" time="0.0" classname="ApiRest2.Entities.UsuarioTest"/>
  <testcase name="testDireccion on testDireccion(ApiRest2.Entities.UsuarioTest)" time="0.016" classname="ApiRest2.Entities.UsuarioTest"/>
  <testcase name="testContrasena on testContrasena(ApiRest2.Entities.UsuarioTest)" time="0.016" classname="ApiRest2.Entities.UsuarioTest"/>
  <testcase name="testUsername on testUsername(ApiRest2.Entities.UsuarioTest)" time="0.016" classname="ApiRest2.Entities.UsuarioTest"/>
  <testcase name="testCiudad on testCiudad(ApiRest2.Entities.UsuarioTest)" time="0.016" classname="ApiRest2.Entities.UsuarioTest"/>
  <testcase name="testApellido on testApellido(ApiRest2.Entities.UsuarioTest)" time="0.016" classname="ApiRest2.Entities.UsuarioTest"/>
  <testcase name="testNombre on testNombre(ApiRest2.Entities.UsuarioTest)" time="0.016" classname="ApiRest2.Entities.UsuarioTest"/>
</testsuite> <!-- Surefire test -->
