<?xml version="1.0" encoding="UTF-8"?>
<testng-results skipped="0" failed="0" ignored="0" total="19" passed="19">
  <reporter-output>
  </reporter-output>
  <suite name="Surefire suite" duration-ms="13460" started-at="2017-06-20T22:43:47Z" finished-at="2017-06-20T22:44:00Z">
    <groups>
    </groups>
    <test name="Surefire test" duration-ms="13460" started-at="2017-06-20T22:43:47Z" finished-at="2017-06-20T22:44:00Z">
      <class name="ApiRest2.AppTest">
        <test-method status="PASS" signature="testApp()" name="testApp" duration-ms="38" started-at="2017-06-20T19:43:47Z" finished-at="2017-06-20T19:43:47Z">
          <reporter-output>
          </reporter-output>
        </test-method> <!-- testApp -->
      </class> <!-- ApiRest2.AppTest -->
      <class name="ApiRest2.AuthFilterTest">
        <test-method status="PASS" signature="doFilterTest() throws java.lang.Exception" name="doFilterTest" duration-ms="10550" started-at="2017-06-20T19:43:48Z" finished-at="2017-06-20T19:43:58Z">
          <reporter-output>
          </reporter-output>
        </test-method> <!-- doFilterTest -->
      </class> <!-- ApiRest2.AuthFilterTest -->
      <class name="ApiRest2.Controller.UsuarioControllerTest">
        <test-method status="PASS" signature="checkSessionTest() throws java.lang.Exception" name="checkSessionTest" duration-ms="462" started-at="2017-06-20T19:44:00Z" finished-at="2017-06-20T19:44:00Z">
          <reporter-output>
          </reporter-output>
        </test-method> <!-- checkSessionTest -->
        <test-method status="PASS" signature="testAgregarUsuario() throws java.lang.Exception" name="testAgregarUsuario" duration-ms="403" started-at="2017-06-20T19:44:00Z" finished-at="2017-06-20T19:44:00Z">
          <reporter-output>
          </reporter-output>
        </test-method> <!-- testAgregarUsuario -->
        <test-method status="PASS" signature="testListarUsuariosOk() throws java.lang.Exception" name="testListarUsuariosOk" duration-ms="439" started-at="2017-06-20T19:44:00Z" finished-at="2017-06-20T19:44:00Z">
          <reporter-output>
          </reporter-output>
        </test-method> <!-- testListarUsuariosOk -->
        <test-method status="PASS" signature="testListarUsuariosByNameNotFound() throws java.lang.Exception" name="testListarUsuariosByNameNotFound" duration-ms="495" started-at="2017-06-20T19:44:00Z" finished-at="2017-06-20T19:44:00Z">
          <reporter-output>
          </reporter-output>
        </test-method> <!-- testListarUsuariosByNameNotFound -->
        <test-method status="PASS" signature="testListarUsuariosNoContent() throws java.lang.Exception" name="testListarUsuariosNoContent" duration-ms="556" started-at="2017-06-20T19:44:00Z" finished-at="2017-06-20T19:44:00Z">
          <reporter-output>
          </reporter-output>
        </test-method> <!-- testListarUsuariosNoContent -->
        <test-method status="PASS" signature="logoutOk() throws java.lang.Exception" name="logoutOk" duration-ms="678" started-at="2017-06-20T19:44:00Z" finished-at="2017-06-20T19:44:00Z">
          <reporter-output>
          </reporter-output>
        </test-method> <!-- logoutOk -->
        <test-method status="PASS" signature="testLoginForbidden() throws java.lang.Exception" name="testLoginForbidden" duration-ms="664" started-at="2017-06-20T19:44:00Z" finished-at="2017-06-20T19:44:00Z">
          <reporter-output>
          </reporter-output>
        </test-method> <!-- testLoginForbidden -->
        <test-method status="PASS" signature="testListarUsuariosByNameOk() throws java.lang.Exception" name="testListarUsuariosByNameOk" duration-ms="518" started-at="2017-06-20T19:44:00Z" finished-at="2017-06-20T19:44:00Z">
          <reporter-output>
          </reporter-output>
        </test-method> <!-- testListarUsuariosByNameOk -->
        <test-method status="PASS" signature="testLoginOk() throws java.lang.Exception" name="testLoginOk" duration-ms="622" started-at="2017-06-20T19:44:00Z" finished-at="2017-06-20T19:44:00Z">
          <reporter-output>
          </reporter-output>
        </test-method> <!-- testLoginOk -->
        <test-method status="PASS" signature="testDeleteUserOk() throws java.lang.Exception" name="testDeleteUserOk" duration-ms="643" started-at="2017-06-20T19:44:00Z" finished-at="2017-06-20T19:44:00Z">
          <reporter-output>
          </reporter-output>
        </test-method> <!-- testDeleteUserOk -->
      </class> <!-- ApiRest2.Controller.UsuarioControllerTest -->
      <class name="ApiRest2.Controller.MensajeControllerTest">
        <test-method status="PASS" signature="testGetOutboxNoContent() throws java.lang.Exception" name="testGetOutboxNoContent" duration-ms="474" started-at="2017-06-20T19:43:58Z" finished-at="2017-06-20T19:43:59Z">
          <reporter-output>
          </reporter-output>
        </test-method> <!-- testGetOutboxNoContent -->
        <test-method status="PASS" signature="testGetInboxOk() throws java.lang.Exception" name="testGetInboxOk" duration-ms="453" started-at="2017-06-20T19:43:58Z" finished-at="2017-06-20T19:43:59Z">
          <reporter-output>
          </reporter-output>
        </test-method> <!-- testGetInboxOk -->
        <test-method status="PASS" signature="testEnviarMensajeOk() throws java.lang.Exception" name="testEnviarMensajeOk" duration-ms="1024" started-at="2017-06-20T19:43:58Z" finished-at="2017-06-20T19:43:59Z">
          <reporter-output>
          </reporter-output>
        </test-method> <!-- testEnviarMensajeOk -->
        <test-method status="PASS" signature="testGetTrashOk() throws java.lang.Exception" name="testGetTrashOk" duration-ms="504" started-at="2017-06-20T19:43:58Z" finished-at="2017-06-20T19:43:59Z">
          <reporter-output>
          </reporter-output>
        </test-method> <!-- testGetTrashOk -->
        <test-method status="PASS" signature="testBorrarMensajeOk() throws java.lang.Exception" name="testBorrarMensajeOk" duration-ms="1048" started-at="2017-06-20T19:43:58Z" finished-at="2017-06-20T19:43:59Z">
          <reporter-output>
          </reporter-output>
        </test-method> <!-- testBorrarMensajeOk -->
        <test-method status="PASS" signature="testGetInboxNoContent() throws java.lang.Exception" name="testGetInboxNoContent" duration-ms="1109" started-at="2017-06-20T19:43:58Z" finished-at="2017-06-20T19:44:00Z">
          <reporter-output>
          </reporter-output>
        </test-method> <!-- testGetInboxNoContent -->
        <test-method status="PASS" signature="testGetOutboxOk() throws java.lang.Exception" name="testGetOutboxOk" duration-ms="1079" started-at="2017-06-20T19:43:58Z" finished-at="2017-06-20T19:44:00Z">
          <reporter-output>
          </reporter-output>
        </test-method> <!-- testGetOutboxOk -->
      </class> <!-- ApiRest2.Controller.MensajeControllerTest -->
    </test> <!-- Surefire test -->
  </suite> <!-- Surefire suite -->
</testng-results>
